<?xml version="1.0" encoding="UTF-8"?>
<testsuite name="com.test.CalculateTest" time="0.002" tests="3" errors="0" skipped="0" failures="0">
  <properties>
    <property name="java.vendor" value="Oracle Corporation"/>
    <property name="JOB_NAME" value="test job"/>
    <property name="COMSPEC" value="C:\WINDOWS\system32\cmd.exe"/>
    <property name="sun.java.launcher" value="SUN_STANDARD"/>
    <property name="NUMBER_OF_PROCESSORS" value="4"/>
    <property name="sun.management.compiler" value="HotSpot 64-Bit Tiered Compilers"/>
    <property name="SYSTEMROOT" value="C:\WINDOWS"/>
    <property name="JENKINS_HOME" value="C:\cb\jenkins-coverage\codebeamer-xunit-importer-plugin\work"/>
    <property name="PATH" value="C:\Program Files\Java\jdk1.8.0_45\jre\bin;C:/Program Files/Java/jre1.8.0_60/bin/server;C:/Program Files/Java/jre1.8.0_60/bin;C:/Program Files/Java/jre1.8.0_60/lib/amd64;C:\phantomjs-2.1.1-windows\bin;C:\Program Files (x86)\Intel\iCLS Client\;C:\Program Files\Intel\iCLS Client\;C:\ProgramData\Oracle\Java\javapath;C:\Windows\system32;C:\Windows;C:\Windows\System32\Wbem;C:\Windows\System32\WindowsPowerShell\v1.0\;C:\Program Files (x86)\NVIDIA Corporation\PhysX\Common;C:\Program Files\Intel\Intel(R) Management Engine Components\DAL;C:\Program Files\Intel\Intel(R) Management Engine Components\IPT;C:\Program Files (x86)\Intel\Intel(R) Management Engine Components\DAL;C:\Program Files (x86)\Intel\Intel(R) Management Engine Components\IPT;C:\Program Files\Microsoft\Web Platform Installer\;C:\Program Files (x86)\Microsoft ASP.NET\ASP.NET Web Pages\v1.0\;C:\Program Files (x86)\Windows Kits\8.0\Windows Performance Toolkit\;C:\Program Files\Microsoft SQL Server\110\Tools\Binn\;e:\sts-bundle\apache-maven-3.3.3\bin\;e:\sts-bundle\spring-roo-1.3.1.RELEASE\bin\;c:\Program Files\Java\jdk1.7.0_80\bin;E:\play\framework\activator-1.3.5-minimal;C:\Program Files\Mercurial\;C:\Program Files (x86)\Skype\Phone\;C:\WINDOWS\system32;C:\WINDOWS;C:\WINDOWS\System32\Wbem;C:\WINDOWS\System32\WindowsPowerShell\v1.0\;C:\apache-maven-3.3.9\bin;C:\Program Files\Git\cmd;C:\Program Files (x86)\Google\google_appengine\;c:\cb\jenkins-coverage\sts-bundle\sts-3.7.3.RELEASE;"/>
    <property name="FPS_BROWSER_USER_PROFILE_STRING" value="Default"/>
    <property name="HUDSON_SERVER_COOKIE" value="1a5ed1b3b0fe01be"/>
    <property name="POM_ARTIFACTID" value="code-coverage-jacoco"/>
    <property name="os.name" value="Windows 8.1"/>
    <property name="sun.boot.class.path" value="C:\Program Files\Java\jdk1.8.0_45\jre\lib\resources.jar;C:\Program Files\Java\jdk1.8.0_45\jre\lib\rt.jar;C:\Program Files\Java\jdk1.8.0_45\jre\lib\sunrsasign.jar;C:\Program Files\Java\jdk1.8.0_45\jre\lib\jsse.jar;C:\Program Files\Java\jdk1.8.0_45\jre\lib\jce.jar;C:\Program Files\Java\jdk1.8.0_45\jre\lib\charsets.jar;C:\Program Files\Java\jdk1.8.0_45\jre\lib\jfr.jar;C:\Program Files\Java\jdk1.8.0_45\jre\classes"/>
    <property name="EXECUTOR_NUMBER" value="1"/>
    <property name="PYTHONPATH" value="c:\Python27\"/>
    <property name="PSMODULEPATH" value="C:\WINDOWS\system32\WindowsPowerShell\v1.0\Modules\"/>
    <property name="sun.desktop" value="windows"/>
    <property name="PATHEXT" value=".COM;.EXE;.BAT;.CMD;.VBS;.VBE;.JS;.JSE;.WSF;.WSH;.MSC"/>
    <property name="java.vm.specification.vendor" value="Oracle Corporation"/>
    <property name="POM_DISPLAYNAME" value="Code Coverage with Jacoco"/>
    <property name="NODE_LABELS" value="master"/>
    <property name="TEMP" value="C:\Users\abanfi\AppData\Local\Temp"/>
    <property name="java.runtime.version" value="1.8.0_45-b15"/>
    <property name="PROGRAMW6432" value="C:\Program Files"/>
    <property name="FPS_BROWSER_APP_PROFILE_STRING" value="Internet Explorer"/>
    <property name="user.name" value="abanfi"/>
    <property name="guice.disable.misplaced.annotation.check" value="true"/>
    <property name="PROMPT" value="$P$G"/>
    <property name="user.language" value="hu"/>
    <property name="M2" value="C:\apache-maven-3.3.9\bin"/>
    <property name="BUILD_DISPLAY_NAME" value="#2"/>
    <property name="sun.boot.library.path" value="C:\Program Files\Java\jdk1.8.0_45\jre\bin"/>
    <property name="VS110COMNTOOLS" value="C:\Program Files (x86)\Microsoft Visual Studio 11.0\Common7\Tools\"/>
    <property name="LOCALAPPDATA" value="C:\Users\abanfi\AppData\Local"/>
    <property name="java.version" value="1.8.0_45"/>
    <property name="PROCESSOR_LEVEL" value="6"/>
    <property name="user.timezone" value="Europe/Prague"/>
    <property name="USERNAME" value="abanfi"/>
    <property name="sun.arch.data.model" value="64"/>
    <property name="NODE_NAME" value="master"/>
    <property name="java.endorsed.dirs" value="C:\Program Files\Java\jdk1.8.0_45\jre\lib\endorsed"/>
    <property name="BUILD_ID" value="2"/>
    <property name="sun.cpu.isalist" value="amd64"/>
    <property name="sun.jnu.encoding" value="Cp1250"/>
    <property name="file.encoding.pkg" value="sun.io"/>
    <property name="file.separator" value="\"/>
    <property name="java.specification.name" value="Java Platform API Specification"/>
    <property name="HOMEDRIVE" value="C:"/>
    <property name="SYSTEMDRIVE" value="C:"/>
    <property name="COMMONPROGRAMFILES(X86)" value="C:\Program Files (x86)\Common Files"/>
    <property name="java.class.version" value="52.0"/>
    <property name="org.slf4j.simpleLogger.defaultLogLevel" value="info"/>
    <property name="user.country" value="HU"/>
    <property name="ALLUSERSPROFILE" value="C:\ProgramData"/>
    <property name="java.home" value="C:\Program Files\Java\jdk1.8.0_45\jre"/>
    <property name="java.vm.info" value="mixed mode"/>
    <property name="os.version" value="6.3"/>
    <property name="WINDIR" value="C:\WINDOWS"/>
    <property name="POM_VERSION" value="0.1"/>
    <property name="TMP" value="C:\Users\abanfi\AppData\Local\Temp"/>
    <property name="path.separator" value=";"/>
    <property name="COMMANDER_DRIVE" value="C:"/>
    <property name="java.vm.version" value="25.45-b02"/>
    <property name="user.variant" value=""/>
    <property name="COMMANDER_EXE" value="C:\totalcmd\TOTALCMD64.EXE"/>
    <property name="USERDOMAIN_ROAMINGPROFILE" value="abanfi-PC"/>
    <property name="java.awt.printerjob" value="sun.awt.windows.WPrinterJob"/>
    <property name="FP_NO_HOST_CHECK" value="NO"/>
    <property name="JAVA_HOME" value="c:\Program Files\Java\jdk1.7.0_80"/>
    <property name="sun.io.unicode.encoding" value="UnicodeLittle"/>
    <property name="awt.toolkit" value="sun.awt.windows.WToolkit"/>
    <property name="HOMEPATH" value="\Users\abanfi"/>
    <property name="POM_PACKAGING" value="jar"/>
    <property name="user.script" value=""/>
    <property name="COMPUTERNAME" value="ABANFI-PC"/>
    <property name="POM_GROUPID" value="net.petrikainulainen.maven"/>
    <property name="VBOX_MSI_INSTALL_PATH" value="C:\Program Files\Oracle\VirtualBox\"/>
    <property name="user.home" value="C:\Users\abanfi"/>
    <property name="PUBLIC" value="C:\Users\Public"/>
    <property name="BUILD_TAG" value="jenkins-test job-2"/>
    <property name="JENKINS_SERVER_COOKIE" value="1a5ed1b3b0fe01be"/>
    <property name="HUDSON_URL" value="http://localhost:8080/jenkins/"/>
    <property name="java.specification.vendor" value="Oracle Corporation"/>
    <property name="USERPROFILE" value="C:\Users\abanfi"/>
    <property name="CLASSPATH" value=""/>
    <property name="java.vendor.url" value="http://java.oracle.com/"/>
    <property name="java.library.path" value="C:\Program Files\Java\jdk1.8.0_45\jre\bin;C:\WINDOWS\Sun\Java\bin;C:\WINDOWS\system32;C:\WINDOWS;C:\apache-maven-3.3.9/bin;C:\Program Files\Java\jdk1.8.0_45\jre\bin;C:/Program Files/Java/jre1.8.0_60/bin/server;C:/Program Files/Java/jre1.8.0_60/bin;C:/Program Files/Java/jre1.8.0_60/lib/amd64;C:\phantomjs-2.1.1-windows\bin;C:\Program Files (x86)\Intel\iCLS Client\;C:\Program Files\Intel\iCLS Client\;C:\ProgramData\Oracle\Java\javapath;C:\Windows\system32;C:\Windows;C:\Windows\System32\Wbem;C:\Windows\System32\WindowsPowerShell\v1.0\;C:\Program Files (x86)\NVIDIA Corporation\PhysX\Common;C:\Program Files\Intel\Intel(R) Management Engine Components\DAL;C:\Program Files\Intel\Intel(R) Management Engine Components\IPT;C:\Program Files (x86)\Intel\Intel(R) Management Engine Components\DAL;C:\Program Files (x86)\Intel\Intel(R) Management Engine Components\IPT;C:\Program Files\Microsoft\Web Platform Installer\;C:\Program Files (x86)\Microsoft ASP.NET\ASP.NET Web Pages\v1.0\;C:\Program Files (x86)\Windows Kits\8.0\Windows Performance Toolkit\;C:\Program Files\Microsoft SQL Server\110\Tools\Binn\;e:\sts-bundle\apache-maven-3.3.3\bin\;e:\sts-bundle\spring-roo-1.3.1.RELEASE\bin\;c:\Program Files\Java\jdk1.7.0_80\bin;E:\play\framework\activator-1.3.5-minimal;C:\Program Files\Mercurial\;C:\Program Files (x86)\Skype\Phone\;C:\WINDOWS\system32;C:\WINDOWS;C:\WINDOWS\System32\Wbem;C:\WINDOWS\System32\WindowsPowerShell\v1.0\;C:\apache-maven-3.3.9\bin;C:\Program Files\Git\cmd;C:\Program Files (x86)\Google\google_appengine\;c:\cb\jenkins-coverage\sts-bundle\sts-3.7.3.RELEASE;;."/>
    <property name="java.vm.vendor" value="Oracle Corporation"/>
    <property name="APPDATA" value="C:\Users\abanfi\AppData\Roaming"/>
    <property name="java.runtime.name" value="Java(TM) SE Runtime Environment"/>
    <property name="maven.home" value="C:\apache-maven-3.3.9"/>
    <property name="java.class.path" value="C:\cb\jenkins-coverage\codebeamer-xunit-importer-plugin\work\plugins\maven-plugin\WEB-INF\lib\maven31-agent-1.5.jar;C:\apache-maven-3.3.9\boot\plexus-classworlds-2.5.2.jar;C:\apache-maven-3.3.9/conf/logging"/>
    <property name="sun.java.command" value="jenkins.maven3.agent.Maven31Main C:\apache-maven-3.3.9 C:\cb\jenkins-coverage\codebeamer-xunit-importer-plugin\target\tmp\webapp\WEB-INF\lib\remoting-2.53.2.jar C:\cb\jenkins-coverage\codebeamer-xunit-importer-plugin\work\plugins\maven-plugin\WEB-INF\lib\maven31-interceptor-1.5.jar C:\cb\jenkins-coverage\codebeamer-xunit-importer-plugin\work\plugins\maven-plugin\WEB-INF\lib\maven3-interceptor-commons-1.5.jar 56475"/>
    <property name="OPENSSL_CONF" value="C:\Program Files (x86)\GnuWin32\share\openssl.cnf"/>
    <property name="COMMONPROGRAMFILES" value="C:\Program Files\Common Files"/>
    <property name="java.vm.specification.name" value="Java Virtual Machine Specification"/>
    <property name="PROCESSOR_ARCHITECTURE" value="AMD64"/>
    <property name="USER_HOME" value="c:\cb\"/>
    <property name="PROCESSOR_IDENTIFIER" value="Intel64 Family 6 Model 60 Stepping 3, GenuineIntel"/>
    <property name="SESSIONNAME" value="Console"/>
    <property name="java.vm.specification.version" value="1.8"/>
    <property name="sun.os.patch.level" value=""/>
    <property name="sun.cpu.endian" value="little"/>
    <property name="M2_HOME" value="C:\apache-maven-3.3.9"/>
    <property name="java.io.tmpdir" value="C:\Users\abanfi\AppData\Local\Temp\"/>
    <property name="OS" value="Windows_NT"/>
    <property name="HUDSON_HOME" value="C:\cb\jenkins-coverage\codebeamer-xunit-importer-plugin\work"/>
    <property name="PATH+MAVEN" value="C:\apache-maven-3.3.9/bin"/>
    <property name="BUILD_URL" value="http://localhost:8080/jenkins/job/test%20job/2/"/>
    <property name="java.vendor.url.bug" value="http://bugreport.sun.com/bugreport/"/>
    <property name="java.awt.graphicsenv" value="sun.awt.Win32GraphicsEnvironment"/>
    <property name="os.arch" value="amd64"/>
    <property name="java.ext.dirs" value="C:\Program Files\Java\jdk1.8.0_45\jre\lib\ext;C:\WINDOWS\Sun\Java\lib\ext"/>
    <property name="user.dir" value="c:\cb\jenkins-coverage\code-coverage-jacoco"/>
    <property name="JOB_URL" value="http://localhost:8080/jenkins/job/test%20job/"/>
    <property name="LOGONSERVER" value="\\ABANFI-PC"/>
    <property name="COMMONPROGRAMW6432" value="C:\Program Files\Common Files"/>
    <property name="USERDOMAIN" value="abanfi-PC"/>
    <property name="line.separator" value="&#10;"/>
    <property name="MAVEN_HOME" value="C:\apache-maven-3.3.9"/>
    <property name="java.vm.name" value="Java HotSpot(TM) 64-Bit Server VM"/>
    <property name="BUILD_NUMBER" value="2"/>
    <property name="JENKINS_URL" value="http://localhost:8080/jenkins/"/>
    <property name="PROCESSOR_REVISION" value="3c03"/>
    <property name="PROGRAMFILES(X86)" value="C:\Program Files (x86)"/>
    <property name="PROGRAMDATA" value="C:\ProgramData"/>
    <property name="file.encoding" value="Cp1250"/>
    <property name="maven3.interceptor" value="C:\cb\jenkins-coverage\codebeamer-xunit-importer-plugin\work\plugins\maven-plugin\WEB-INF\lib\maven31-interceptor-1.5.jar"/>
    <property name="WORKSPACE" value="C:\cb\jenkins-coverage\codebeamer-xunit-importer-plugin\work\workspace\test job"/>
    <property name="maven3.interceptor.common" value="C:\cb\jenkins-coverage\codebeamer-xunit-importer-plugin\work\plugins\maven-plugin\WEB-INF\lib\maven3-interceptor-commons-1.5.jar"/>
    <property name="WIX" value="C:\Program Files (x86)\WiX Toolset v3.9\"/>
    <property name="COMMANDER_PATH" value="C:\totalcmd"/>
    <property name="java.specification.version" value="1.8"/>
    <property name="COMMANDER_INI" value="C:\Users\abanfi\AppData\Roaming\GHISLER\wincmd.ini"/>
    <property name="PROGRAMFILES" value="C:\Program Files"/>
  </properties>
  <testcase name="testSum" classname="com.test.CalculateTest" time="0.001"/>
  <testcase name="testMinus" classname="com.test.CalculateTest" time="0.001"/>
  <testcase name="testCompute" classname="com.test.CalculateTest" time="0"/>
</testsuite>